This is pdfTeX, Version 3.14159265-2.6-1.40.21 (TeX Live 2020/W32TeX) (preloaded format=pdflatex 2020.6.10)  4 FEB 2021 00:35
entering extended mode
 restricted \write18 enabled.
 %&-line parsing enabled.
**jibenyufa.tex
(./jibenyufa.tex
LaTeX2e <2020-02-02> patch level 5
L3 programming layer <2020-06-03>
! Undefined control sequence.
l.1 \section
            {ç®€ä»‹}
The control sequence at the end of the top line
of your error message was never \def'ed. If you have
misspelled it (e.g., `\hobx'), type `I' and the correct
spelling (e.g., `I\hbox'). Otherwise just continue,
and I'll forget about whatever was undefined.


! Package inputenc Error: Unicode character ç®€ (U+7B80)
(inputenc)                not set up for use with LaTeX.

See the inputenc package documentation for explanation.
Type  H <return>  for immediate help.
 ...                                              
                                                  
l.1 \section{ç®€
                ä»‹}
You may provide a definition with
\DeclareUnicodeCharacter 


! Package inputenc Error: Unicode character ä»‹ (U+4ECB)
(inputenc)                not set up for use with LaTeX.

See the inputenc package documentation for explanation.
Type  H <return>  for immediate help.
 ...                                              
                                                  
l.1 \section{ç®€ä»‹
                   }
You may provide a definition with
\DeclareUnicodeCharacter 


! Package inputenc Error: Unicode character å¦‚ (U+5982)
(inputenc)                not set up for use with LaTeX.

See the inputenc package documentation for explanation.
Type  H <return>  for immediate help.
 ...                                              
                                                  
l.3 å¦‚
       å›¾~\ref{fig:overview},ä»¥C++ä¸ºåŸºæœ¬ï¼Œå¯¹åŸºç¡€éƒ¨åˆ†è¿›è¡Œå­¦ä¹ ã€‚
You may provide a definition with
\DeclareUnicodeCharacter 


! Package inputenc Error: Unicode character å›¾ (U+56FE)
(inputenc)                not set up for use with LaTeX.

See the inputenc package documentation for explanation.
Type  H <return>  for immediate help.
 ...                                              
                                                  
l.3 å¦‚å›¾
          ~\ref{fig:overview},ä»¥C++ä¸ºåŸºæœ¬ï¼Œå¯¹åŸºç¡€éƒ¨åˆ†è¿›è¡Œå­¦ä¹ ã€‚
You may provide a definition with
\DeclareUnicodeCharacter 


! LaTeX Error: Missing \begin{document}.

See the LaTeX manual or LaTeX Companion for explanation.
Type  H <return>  for immediate help.
 ...                                              
                                                  
l.3 å¦‚å›¾~
           \ref{fig:overview},ä»¥C++ä¸ºåŸºæœ¬ï¼Œå¯¹åŸºç¡€éƒ¨åˆ†è¿›è¡Œå­¦ä¹ ã€‚
You're in trouble here.  Try typing  <return>  to proceed.
If that doesn't work, type  X <return>  to quit.

! Undefined control sequence.
<write> ...erence `fig:overview' on page \thepage 
                                                  \space undefined\on@line .
l.3 å¦‚å›¾~\ref{fig:overview}
                             ,ä»¥C++ä¸ºåŸºæœ¬ï¼Œå¯¹åŸºç¡€éƒ¨åˆ†è¿›è¡Œå­¦ä¹ ã€‚
The control sequence at the end of the top line
of your error message was never \def'ed. If you have
misspelled it (e.g., `\hobx'), type `I' and the correct
spelling (e.g., `I\hbox'). Otherwise just continue,
and I'll forget about whatever was undefined.


LaTeX Warning: Reference `fig:overview' on page  undefined on input line 3.

Missing character: There is no , in font nullfont!

! Package inputenc Error: Unicode character ä»¥ (U+4EE5)
(inputenc)                not set up for use with LaTeX.

See the inputenc package documentation for explanation.
Type  H <return>  for immediate help.
 ...                                              
                                                  
l.3 å¦‚å›¾~\ref{fig:overview},ä»¥
                                 C++ä¸ºåŸºæœ¬ï¼Œå¯¹åŸºç¡€éƒ¨åˆ†è¿›è¡Œå­¦ä¹ ã€‚
You may provide a definition with
\DeclareUnicodeCharacter 

Missing character: There is no C in font nullfont!
Missing character: There is no + in font nullfont!
Missing character: There is no + in font nullfont!

! Package inputenc Error: Unicode character ä¸º (U+4E3A)
(inputenc)                not set up for use with LaTeX.

See the inputenc package documentation for explanation.
Type  H <return>  for immediate help.
 ...                                              
                                                  
l.3 å¦‚å›¾~\ref{fig:overview},ä»¥C++ä¸º
                                       åŸºæœ¬ï¼Œå¯¹åŸºç¡€éƒ¨åˆ†è¿›è¡Œå­¦ä¹ ã€‚
You may provide a definition with
\DeclareUnicodeCharacter 


! Package inputenc Error: Unicode character åŸº (U+57FA)
(inputenc)                not set up for use with LaTeX.

See the inputenc package documentation for explanation.
Type  H <return>  for immediate help.
 ...                                              
                                                  
l.3 å¦‚å›¾~\ref{fig:overview},ä»¥C++ä¸ºåŸº
                                          æœ¬ï¼Œå¯¹åŸºç¡€éƒ¨åˆ†è¿›è¡Œå­¦ä¹ ã€‚
You may provide a definition with
\DeclareUnicodeCharacter 


! Package inputenc Error: Unicode character æœ¬ (U+672C)
(inputenc)                not set up for use with LaTeX.

See the inputenc package documentation for explanation.
Type  H <return>  for immediate help.
 ...                                              
                                                  
l.3 å¦‚å›¾~\ref{fig:overview},ä»¥C++ä¸ºåŸºæœ¬
                                             ï¼Œå¯¹åŸºç¡€éƒ¨åˆ†è¿›è¡Œå­¦ä¹ ã€‚
You may provide a definition with
\DeclareUnicodeCharacter 


! Package inputenc Error: Unicode character ï¼Œ (U+FF0C)
(inputenc)                not set up for use with LaTeX.

See the inputenc package documentation for explanation.
Type  H <return>  for immediate help.
 ...                                              
                                                  
l.3 å¦‚å›¾~\ref{fig:overview},ä»¥C++ä¸ºåŸºæœ¬ï¼Œ
                                                å¯¹åŸºç¡€éƒ¨åˆ†è¿›è¡Œå­¦ä¹ ã€‚
You may provide a definition with
\DeclareUnicodeCharacter 


! Package inputenc Error: Unicode character å¯¹ (U+5BF9)
(inputenc)                not set up for use with LaTeX.

See the inputenc package documentation for explanation.
Type  H <return>  for immediate help.
 ...                                              
                                                  
l.3 ...›¾~\ref{fig:overview},ä»¥C++ä¸ºåŸºæœ¬ï¼Œå¯¹
                                                  åŸºç¡€éƒ¨åˆ†è¿›è¡Œå­¦ä¹ ã€‚
You may provide a definition with
\DeclareUnicodeCharacter 


! Package inputenc Error: Unicode character åŸº (U+57FA)
(inputenc)                not set up for use with LaTeX.

See the inputenc package documentation for explanation.
Type  H <return>  for immediate help.
 ...                                              
                                                  
l.3 ...\ref{fig:overview},ä»¥C++ä¸ºåŸºæœ¬ï¼Œå¯¹åŸº
                                                  ç¡€éƒ¨åˆ†è¿›è¡Œå­¦ä¹ ã€‚
You may provide a definition with
\DeclareUnicodeCharacter 


! Package inputenc Error: Unicode character ç¡€ (U+7840)
(inputenc)                not set up for use with LaTeX.

See the inputenc package documentation for explanation.
Type  H <return>  for immediate help.
 ...                                              
                                                  
l.3 ...f{fig:overview},ä»¥C++ä¸ºåŸºæœ¬ï¼Œå¯¹åŸºç¡€
                                                  éƒ¨åˆ†è¿›è¡Œå­¦ä¹ ã€‚
You may provide a definition with
\DeclareUnicodeCharacter 


! Package inputenc Error: Unicode character éƒ¨ (U+90E8)
(inputenc)                not set up for use with LaTeX.

See the inputenc package documentation for explanation.
Type  H <return>  for immediate help.
 ...                                              
                                                  
l.3 ...ig:overview},ä»¥C++ä¸ºåŸºæœ¬ï¼Œå¯¹åŸºç¡€éƒ¨
                                                  åˆ†è¿›è¡Œå­¦ä¹ ã€‚
You may provide a definition with
\DeclareUnicodeCharacter 


! Package inputenc Error: Unicode character åˆ† (U+5206)
(inputenc)                not set up for use with LaTeX.

See the inputenc package documentation for explanation.
Type  H <return>  for immediate help.
 ...                                              
                                                  
l.3 ...overview},ä»¥C++ä¸ºåŸºæœ¬ï¼Œå¯¹åŸºç¡€éƒ¨åˆ†
                                                  è¿›è¡Œå­¦ä¹ ã€‚
You may provide a definition with
\DeclareUnicodeCharacter 


! Package inputenc Error: Unicode character è¿› (U+8FDB)
(inputenc)                not set up for use with LaTeX.

See the inputenc package documentation for explanation.
Type  H <return>  for immediate help.
 ...                                              
                                                  
l.3 ...rview},ä»¥C++ä¸ºåŸºæœ¬ï¼Œå¯¹åŸºç¡€éƒ¨åˆ†è¿›
                                                  è¡Œå­¦ä¹ ã€‚
You may provide a definition with
\DeclareUnicodeCharacter 


! Package inputenc Error: Unicode character è¡Œ (U+884C)
(inputenc)                not set up for use with LaTeX.

See the inputenc package documentation for explanation.
Type  H <return>  for immediate help.
 ...                                              
                                                  
l.3 ...ew},ä»¥C++ä¸ºåŸºæœ¬ï¼Œå¯¹åŸºç¡€éƒ¨åˆ†è¿›è¡Œ
                                                  å­¦ä¹ ã€‚
You may provide a definition with
\DeclareUnicodeCharacter 


! Package inputenc Error: Unicode character å­¦ (U+5B66)
(inputenc)                not set up for use with LaTeX.

See the inputenc package documentation for explanation.
Type  H <return>  for immediate help.
 ...                                              
                                                  
l.3 ...,ä»¥C++ä¸ºåŸºæœ¬ï¼Œå¯¹åŸºç¡€éƒ¨åˆ†è¿›è¡Œå­¦
                                                  ä¹ ã€‚
You may provide a definition with
\DeclareUnicodeCharacter 


! Package inputenc Error: Unicode character ä¹  (U+4E60)
(inputenc)                not set up for use with LaTeX.

See the inputenc package documentation for explanation.
Type  H <return>  for immediate help.
 ...                                              
                                                  
l.3 ...¥C++ä¸ºåŸºæœ¬ï¼Œå¯¹åŸºç¡€éƒ¨åˆ†è¿›è¡Œå­¦ä¹ 
                                                  ã€‚
You may provide a definition with
\DeclareUnicodeCharacter 


! Package inputenc Error: Unicode character ã€‚ (U+3002)
(inputenc)                not set up for use with LaTeX.

See the inputenc package documentation for explanation.
Type  H <return>  for immediate help.
 ...                                              
                                                  
l.3 ...+ä¸ºåŸºæœ¬ï¼Œå¯¹åŸºç¡€éƒ¨åˆ†è¿›è¡Œå­¦ä¹ ã€‚
                                                  
You may provide a definition with
\DeclareUnicodeCharacter 


! Package inputenc Error: Unicode character äº† (U+4E86)
(inputenc)                not set up for use with LaTeX.

See the inputenc package documentation for explanation.
Type  H <return>  for immediate help.
 ...                                              
                                                  
l.4 äº†
       è§£C++åŸºæœ¬è¯­æ³•ï¼Œå­¦ä¹ ç±»ä¸æ•°æ®å¯¹è±¡ï¼Œå®¹å™¨å’Œç®—æ³•ï¼Œ\te...

You may provide a definition with
\DeclareUnicodeCharacter 


! Package inputenc Error: Unicode character è§£ (U+89E3)
(inputenc)                not set up for use with LaTeX.

See the inputenc package documentation for explanation.
Type  H <return>  for immediate help.
 ...                                              
                                                  
l.4 äº†è§£
          C++åŸºæœ¬è¯­æ³•ï¼Œå­¦ä¹ ç±»ä¸æ•°æ®å¯¹è±¡ï¼Œå®¹å™¨å’Œç®—æ³•ï¼Œ\te...

You may provide a definition with
\DeclareUnicodeCharacter 

Missing character: There is no C in font nullfont!
Missing character: There is no + in font nullfont!
Missing character: There is no + in font nullfont!

! Package inputenc Error: Unicode character åŸº (U+57FA)
(inputenc)                not set up for use with LaTeX.

See the inputenc package documentation for explanation.
Type  H <return>  for immediate help.
 ...                                              
                                                  
l.4 äº†è§£C++åŸº
                æœ¬è¯­æ³•ï¼Œå­¦ä¹ ç±»ä¸æ•°æ®å¯¹è±¡ï¼Œå®¹å™¨å’Œç®—æ³•ï¼Œ\te...

You may provide a definition with
\DeclareUnicodeCharacter 


! Package inputenc Error: Unicode character æœ¬ (U+672C)
(inputenc)                not set up for use with LaTeX.

See the inputenc package documentation for explanation.
Type  H <return>  for immediate help.
 ...                                              
                                                  
l.4 äº†è§£C++åŸºæœ¬
                   è¯­æ³•ï¼Œå­¦ä¹ ç±»ä¸æ•°æ®å¯¹è±¡ï¼Œå®¹å™¨å’Œç®—æ³•ï¼Œ\te...

You may provide a definition with
\DeclareUnicodeCharacter 


! Package inputenc Error: Unicode character è¯­ (U+8BED)
(inputenc)                not set up for use with LaTeX.

See the inputenc package documentation for explanation.
Type  H <return>  for immediate help.
 ...                                              
                                                  
l.4 äº†è§£C++åŸºæœ¬è¯­
                      æ³•ï¼Œå­¦ä¹ ç±»ä¸æ•°æ®å¯¹è±¡ï¼Œå®¹å™¨å’Œç®—æ³•ï¼Œ\te...

You may provide a definition with
\DeclareUnicodeCharacter 


! Package inputenc Error: Unicode character æ³• (U+6CD5)
(inputenc)                not set up for use with LaTeX.

See the inputenc package documentation for explanation.
Type  H <return>  for immediate help.
 ...                                              
                                                  
l.4 äº†è§£C++åŸºæœ¬è¯­æ³•
                         ï¼Œå­¦ä¹ ç±»ä¸æ•°æ®å¯¹è±¡ï¼Œå®¹å™¨å’Œç®—æ³•ï¼Œ\te...

You may provide a definition with
\DeclareUnicodeCharacter 


! Package inputenc Error: Unicode character ï¼Œ (U+FF0C)
(inputenc)                not set up for use with LaTeX.

See the inputenc package documentation for explanation.
Type  H <return>  for immediate help.
 ...                                              
                                                  
l.4 äº†è§£C++åŸºæœ¬è¯­æ³•ï¼Œ
                            å­¦ä¹ ç±»ä¸æ•°æ®å¯¹è±¡ï¼Œå®¹å™¨å’Œç®—æ³•ï¼Œ\te...

You may provide a definition with
\DeclareUnicodeCharacter 


! Package inputenc Error: Unicode character å­¦ (U+5B66)
(inputenc)                not set up for use with LaTeX.

See the inputenc package documentation for explanation.
Type  H <return>  for immediate help.
 ...                                              
                                                  
l.4 äº†è§£C++åŸºæœ¬è¯­æ³•ï¼Œå­¦
                               ä¹ ç±»ä¸æ•°æ®å¯¹è±¡ï¼Œå®¹å™¨å’Œç®—æ³•ï¼Œ\te...

You may provide a definition with
\DeclareUnicodeCharacter 


! Package inputenc Error: Unicode character ä¹  (U+4E60)
(inputenc)                not set up for use with LaTeX.

See the inputenc package documentation for explanation.
Type  H <return>  for immediate help.
 ...                                              
                                                  
l.4 äº†è§£C++åŸºæœ¬è¯­æ³•ï¼Œå­¦ä¹ 
                                  ç±»ä¸æ•°æ®å¯¹è±¡ï¼Œå®¹å™¨å’Œç®—æ³•ï¼Œ\te...

You may provide a definition with
\DeclareUnicodeCharacter 


! Package inputenc Error: Unicode character ç±» (U+7C7B)
(inputenc)                not set up for use with LaTeX.

See the inputenc package documentation for explanation.
Type  H <return>  for immediate help.
 ...                                              
                                                  
l.4 äº†è§£C++åŸºæœ¬è¯­æ³•ï¼Œå­¦ä¹ ç±»
                                     ä¸æ•°æ®å¯¹è±¡ï¼Œå®¹å™¨å’Œç®—æ³•ï¼Œ\te...

You may provide a definition with
\DeclareUnicodeCharacter 


! Package inputenc Error: Unicode character ä¸ (U+4E0E)
(inputenc)                not set up for use with LaTeX.

See the inputenc package documentation for explanation.
Type  H <return>  for immediate help.
 ...                                              
                                                  
l.4 äº†è§£C++åŸºæœ¬è¯­æ³•ï¼Œå­¦ä¹ ç±»ä¸
                                        æ•°æ®å¯¹è±¡ï¼Œå®¹å™¨å’Œç®—æ³•ï¼Œ\te...

You may provide a definition with
\DeclareUnicodeCharacter 


! Package inputenc Error: Unicode character æ•° (U+6570)
(inputenc)                not set up for use with LaTeX.

See the inputenc package documentation for explanation.
Type  H <return>  for immediate help.
 ...                                              
                                                  
l.4 äº†è§£C++åŸºæœ¬è¯­æ³•ï¼Œå­¦ä¹ ç±»ä¸æ•°
                                           æ®å¯¹è±¡ï¼Œå®¹å™¨å’Œç®—æ³•ï¼Œ\te...

You may provide a definition with
\DeclareUnicodeCharacter 


! Package inputenc Error: Unicode character æ® (U+636E)
(inputenc)                not set up for use with LaTeX.

See the inputenc package documentation for explanation.
Type  H <return>  for immediate help.
 ...                                              
                                                  
l.4 äº†è§£C++åŸºæœ¬è¯­æ³•ï¼Œå­¦ä¹ ç±»ä¸æ•°æ®
                                              å¯¹è±¡ï¼Œå®¹å™¨å’Œç®—æ³•ï¼Œ\te...

You may provide a definition with
\DeclareUnicodeCharacter 


! Package inputenc Error: Unicode character å¯¹ (U+5BF9)
(inputenc)                not set up for use with LaTeX.

See the inputenc package documentation for explanation.
Type  H <return>  for immediate help.
 ...                                              
                                                  
l.4 äº†è§£C++åŸºæœ¬è¯­æ³•ï¼Œå­¦ä¹ ç±»ä¸æ•°æ®å¯¹
                                                 è±¡ï¼Œå®¹å™¨å’Œç®—æ³•ï¼Œ\te...

You may provide a definition with
\DeclareUnicodeCharacter 


! Package inputenc Error: Unicode character è±¡ (U+8C61)
(inputenc)                not set up for use with LaTeX.

See the inputenc package documentation for explanation.
Type  H <return>  for immediate help.
 ...                                              
                                                  
l.4 ...£C++åŸºæœ¬è¯­æ³•ï¼Œå­¦ä¹ ç±»ä¸æ•°æ®å¯¹è±¡
                                                  ï¼Œå®¹å™¨å’Œç®—æ³•ï¼Œ\text...

You may provide a definition with
\DeclareUnicodeCharacter 


! Package inputenc Error: Unicode character ï¼Œ (U+FF0C)
(inputenc)                not set up for use with LaTeX.

See the inputenc package documentation for explanation.
Type  H <return>  for immediate help.
 ...                                              
                                                  
l.4 ...+åŸºæœ¬è¯­æ³•ï¼Œå­¦ä¹ ç±»ä¸æ•°æ®å¯¹è±¡ï¼Œ
                                                  å®¹å™¨å’Œç®—æ³•ï¼Œ\textbf{...

You may provide a definition with
\DeclareUnicodeCharacter 


! Package inputenc Error: Unicode character å®¹ (U+5BB9)
(inputenc)                not set up for use with LaTeX.

See the inputenc package documentation for explanation.
Type  H <return>  for immediate help.
 ...                                              
                                                  
l.4 ...ºæœ¬è¯­æ³•ï¼Œå­¦ä¹ ç±»ä¸æ•°æ®å¯¹è±¡ï¼Œå®¹
                                                  å™¨å’Œç®—æ³•ï¼Œ\textbf{é¢...

You may provide a definition with
\DeclareUnicodeCharacter 


! Package inputenc Error: Unicode character å™¨ (U+5668)
(inputenc)                not set up for use with LaTeX.

See the inputenc package documentation for explanation.
Type  H <return>  for immediate help.
 ...                                              
                                                  
l.4 ...¬è¯­æ³•ï¼Œå­¦ä¹ ç±»ä¸æ•°æ®å¯¹è±¡ï¼Œå®¹å™¨
                                                  å’Œç®—æ³•ï¼Œ\textbf{é¢å‘...

You may provide a definition with
\DeclareUnicodeCharacter 


! Package inputenc Error: Unicode character å’Œ (U+548C)
(inputenc)                not set up for use with LaTeX.

See the inputenc package documentation for explanation.
Type  H <return>  for immediate help.
 ...                                              
                                                  
l.4 ...­æ³•ï¼Œå­¦ä¹ ç±»ä¸æ•°æ®å¯¹è±¡ï¼Œå®¹å™¨å’Œ
                                                  ç®—æ³•ï¼Œ\textbf{é¢å‘å¯¹...

You may provide a definition with
\DeclareUnicodeCharacter 


! Package inputenc Error: Unicode character ç®— (U+7B97)
(inputenc)                not set up for use with LaTeX.

See the inputenc package documentation for explanation.
Type  H <return>  for immediate help.
 ...                                              
                                                  
l.4 ...•ï¼Œå­¦ä¹ ç±»ä¸æ•°æ®å¯¹è±¡ï¼Œå®¹å™¨å’Œç®—
                                                  æ³•ï¼Œ\textbf{é¢å‘å¯¹è±¡...

You may provide a definition with
\DeclareUnicodeCharacter 


! Package inputenc Error: Unicode character æ³• (U+6CD5)
(inputenc)                not set up for use with LaTeX.

See the inputenc package documentation for explanation.
Type  H <return>  for immediate help.
 ...                                              
                                                  
l.4 ...Œå­¦ä¹ ç±»ä¸æ•°æ®å¯¹è±¡ï¼Œå®¹å™¨å’Œç®—æ³•
                                                  ï¼Œ\textbf{é¢å‘å¯¹è±¡å’Œ...

You may provide a definition with
\DeclareUnicodeCharacter 


! Package inputenc Error: Unicode character ï¼Œ (U+FF0C)
(inputenc)                not set up for use with LaTeX.

See the inputenc package documentation for explanation.
Type  H <return>  for immediate help.
 ...                                              
                                                  
l.4 ...¦ä¹ ç±»ä¸æ•°æ®å¯¹è±¡ï¼Œå®¹å™¨å’Œç®—æ³•ï¼Œ
                                                  \textbf{é¢å‘å¯¹è±¡å’Œæ³›...

You may provide a definition with
\DeclareUnicodeCharacter 


! Package inputenc Error: Unicode character é¢ (U+9762)
(inputenc)                not set up for use with LaTeX.

See the inputenc package documentation for explanation.
Type  H <return>  for immediate help.
 ...                                              
                                                  
l.4 ...bf{é¢å‘å¯¹è±¡å’Œæ³›å‹ç¼–ç¨‹ï¼ˆé‡ç‚¹ï¼‰}
                                                  ï¼Œç¼–è¯‘ä¸åº•å±‚ï¼ŒC++æ–...

You may provide a definition with
\DeclareUnicodeCharacter 


! Package inputenc Error: Unicode character å‘ (U+5411)
(inputenc)                not set up for use with LaTeX.

See the inputenc package documentation for explanation.
Type  H <return>  for immediate help.
 ...                                              
                                                  
l.4 ...bf{é¢å‘å¯¹è±¡å’Œæ³›å‹ç¼–ç¨‹ï¼ˆé‡ç‚¹ï¼‰}
                                                  ï¼Œç¼–è¯‘ä¸åº•å±‚ï¼ŒC++æ–...

You may provide a definition with
\DeclareUnicodeCharacter 


! Package inputenc Error: Unicode character å¯¹ (U+5BF9)
(inputenc)                not set up for use with LaTeX.

See the inputenc package documentation for explanation.
Type  H <return>  for immediate help.
 ...                                              
                                                  
l.4 ...bf{é¢å‘å¯¹è±¡å’Œæ³›å‹ç¼–ç¨‹ï¼ˆé‡ç‚¹ï¼‰}
                                                  ï¼Œç¼–è¯‘ä¸åº•å±‚ï¼ŒC++æ–...

You may provide a definition with
\DeclareUnicodeCharacter 


! Package inputenc Error: Unicode character è±¡ (U+8C61)
(inputenc)                not set up for use with LaTeX.

See the inputenc package documentation for explanation.
Type  H <return>  for immediate help.
 ...                                              
                                                  
l.4 ...bf{é¢å‘å¯¹è±¡å’Œæ³›å‹ç¼–ç¨‹ï¼ˆé‡ç‚¹ï¼‰}
                                                  ï¼Œç¼–è¯‘ä¸åº•å±‚ï¼ŒC++æ–...

You may provide a definition with
\DeclareUnicodeCharacter 


! Package inputenc Error: Unicode character å’Œ (U+548C)
(inputenc)                not set up for use with LaTeX.

See the inputenc package documentation for explanation.
Type  H <return>  for immediate help.
 ...                                              
                                                  
l.4 ...bf{é¢å‘å¯¹è±¡å’Œæ³›å‹ç¼–ç¨‹ï¼ˆé‡ç‚¹ï¼‰}
                                                  ï¼Œç¼–è¯‘ä¸åº•å±‚ï¼ŒC++æ–...

You may provide a definition with
\DeclareUnicodeCharacter 


! Package inputenc Error: Unicode character æ³› (U+6CDB)
(inputenc)                not set up for use with LaTeX.

See the inputenc package documentation for explanation.
Type  H <return>  for immediate help.
 ...                                              
                                                  
l.4 ...bf{é¢å‘å¯¹è±¡å’Œæ³›å‹ç¼–ç¨‹ï¼ˆé‡ç‚¹ï¼‰}
                                                  ï¼Œç¼–è¯‘ä¸åº•å±‚ï¼ŒC++æ–...

You may provide a definition with
\DeclareUnicodeCharacter 


! Package inputenc Error: Unicode character å‹ (U+578B)
(inputenc)                not set up for use with LaTeX.

See the inputenc package documentation for explanation.
Type  H <return>  for immediate help.
 ...                                              
                                                  
l.4 ...bf{é¢å‘å¯¹è±¡å’Œæ³›å‹ç¼–ç¨‹ï¼ˆé‡ç‚¹ï¼‰}
                                                  ï¼Œç¼–è¯‘ä¸åº•å±‚ï¼ŒC++æ–...

You may provide a definition with
\DeclareUnicodeCharacter 


! Package inputenc Error: Unicode character ç¼– (U+7F16)
(inputenc)                not set up for use with LaTeX.

See the inputenc package documentation for explanation.
Type  H <return>  for immediate help.
 ...                                              
                                                  
l.4 ...bf{é¢å‘å¯¹è±¡å’Œæ³›å‹ç¼–ç¨‹ï¼ˆé‡ç‚¹ï¼‰}
                                                  ï¼Œç¼–è¯‘ä¸åº•å±‚ï¼ŒC++æ–...

You may provide a definition with
\DeclareUnicodeCharacter 


! Package inputenc Error: Unicode character ç¨‹ (U+7A0B)
(inputenc)                not set up for use with LaTeX.

See the inputenc package documentation for explanation.
Type  H <return>  for immediate help.
 ...                                              
                                                  
l.4 ...bf{é¢å‘å¯¹è±¡å’Œæ³›å‹ç¼–ç¨‹ï¼ˆé‡ç‚¹ï¼‰}
                                                  ï¼Œç¼–è¯‘ä¸åº•å±‚ï¼ŒC++æ–...

You may provide a definition with
\DeclareUnicodeCharacter 


! Package inputenc Error: Unicode character ï¼ˆ (U+FF08)
(inputenc)                not set up for use with LaTeX.

See the inputenc package documentation for explanation.
Type  H <return>  for immediate help.
 ...                                              
                                                  
l.4 ...bf{é¢å‘å¯¹è±¡å’Œæ³›å‹ç¼–ç¨‹ï¼ˆé‡ç‚¹ï¼‰}
                                                  ï¼Œç¼–è¯‘ä¸åº•å±‚ï¼ŒC++æ–...

You may provide a definition with
\DeclareUnicodeCharacter 


! Package inputenc Error: Unicode character é‡ (U+91CD)
(inputenc)                not set up for use with LaTeX.

See the inputenc package documentation for explanation.
Type  H <return>  for immediate help.
 ...                                              
                                                  
l.4 ...bf{é¢å‘å¯¹è±¡å’Œæ³›å‹ç¼–ç¨‹ï¼ˆé‡ç‚¹ï¼‰}
                                                  ï¼Œç¼–è¯‘ä¸åº•å±‚ï¼ŒC++æ–...

You may provide a definition with
\DeclareUnicodeCharacter 


! Package inputenc Error: Unicode character ç‚¹ (U+70B9)
(inputenc)                not set up for use with LaTeX.

See the inputenc package documentation for explanation.
Type  H <return>  for immediate help.
 ...                                              
                                                  
l.4 ...bf{é¢å‘å¯¹è±¡å’Œæ³›å‹ç¼–ç¨‹ï¼ˆé‡ç‚¹ï¼‰}
                                                  ï¼Œç¼–è¯‘ä¸åº•å±‚ï¼ŒC++æ–...

You may provide a definition with
\DeclareUnicodeCharacter 


! Package inputenc Error: Unicode character ï¼‰ (U+FF09)
(inputenc)                not set up for use with LaTeX.

See the inputenc package documentation for explanation.
Type  H <return>  for immediate help.
 ...                                              
                                                  
l.4 ...bf{é¢å‘å¯¹è±¡å’Œæ³›å‹ç¼–ç¨‹ï¼ˆé‡ç‚¹ï¼‰}
                                                  ï¼Œç¼–è¯‘ä¸åº•å±‚ï¼ŒC++æ–...

You may provide a definition with
\DeclareUnicodeCharacter 


! Package inputenc Error: Unicode character ï¼Œ (U+FF0C)
(inputenc)                not set up for use with LaTeX.

See the inputenc package documentation for explanation.
Type  H <return>  for immediate help.
 ...                                              
                                                  
l.4 ...é¢å‘å¯¹è±¡å’Œæ³›å‹ç¼–ç¨‹ï¼ˆé‡ç‚¹ï¼‰}ï¼Œ
                                                  ç¼–è¯‘ä¸åº•å±‚ï¼ŒC++æ–°ç‰...

You may provide a definition with
\DeclareUnicodeCharacter 


! Package inputenc Error: Unicode character ç¼– (U+7F16)
(inputenc)                not set up for use with LaTeX.

See the inputenc package documentation for explanation.
Type  H <return>  for immediate help.
 ...                                              
                                                  
l.4 ...å‘å¯¹è±¡å’Œæ³›å‹ç¼–ç¨‹ï¼ˆé‡ç‚¹ï¼‰}ï¼Œç¼–
                                                  è¯‘ä¸åº•å±‚ï¼ŒC++æ–°ç‰¹æ€...

You may provide a definition with
\DeclareUnicodeCharacter 


! Package inputenc Error: Unicode character è¯‘ (U+8BD1)
(inputenc)                not set up for use with LaTeX.

See the inputenc package documentation for explanation.
Type  H <return>  for immediate help.
 ...                                              
                                                  
l.4 ...å¯¹è±¡å’Œæ³›å‹ç¼–ç¨‹ï¼ˆé‡ç‚¹ï¼‰}ï¼Œç¼–è¯‘
                                                  ä¸åº•å±‚ï¼ŒC++æ–°ç‰¹æ€§ã€‚
You may provide a definition with
\DeclareUnicodeCharacter 


! Package inputenc Error: Unicode character ä¸ (U+4E0E)
(inputenc)                not set up for use with LaTeX.

See the inputenc package documentation for explanation.
Type  H <return>  for immediate help.
 ...                                              
                                                  
l.4 ...è±¡å’Œæ³›å‹ç¼–ç¨‹ï¼ˆé‡ç‚¹ï¼‰}ï¼Œç¼–è¯‘ä¸
                                                  åº•å±‚ï¼ŒC++æ–°ç‰¹æ€§ã€‚
You may provide a definition with
\DeclareUnicodeCharacter 


! Package inputenc Error: Unicode character åº• (U+5E95)
(inputenc)                not set up for use with LaTeX.

See the inputenc package documentation for explanation.
Type  H <return>  for immediate help.
 ...                                              
                                                  
l.4 ...å’Œæ³›å‹ç¼–ç¨‹ï¼ˆé‡ç‚¹ï¼‰}ï¼Œç¼–è¯‘ä¸åº•
                                                  å±‚ï¼ŒC++æ–°ç‰¹æ€§ã€‚
You may provide a definition with
\DeclareUnicodeCharacter 


! Package inputenc Error: Unicode character å±‚ (U+5C42)
(inputenc)                not set up for use with LaTeX.

See the inputenc package documentation for explanation.
Type  H <return>  for immediate help.
 ...                                              
                                                  
l.4 ...æ³›å‹ç¼–ç¨‹ï¼ˆé‡ç‚¹ï¼‰}ï¼Œç¼–è¯‘ä¸åº•å±‚
                                                  ï¼ŒC++æ–°ç‰¹æ€§ã€‚
You may provide a definition with
\DeclareUnicodeCharacter 


! Package inputenc Error: Unicode character ï¼Œ (U+FF0C)
(inputenc)                not set up for use with LaTeX.

See the inputenc package documentation for explanation.
Type  H <return>  for immediate help.
 ...                                              
                                                  
l.4 ...å‹ç¼–ç¨‹ï¼ˆé‡ç‚¹ï¼‰}ï¼Œç¼–è¯‘ä¸åº•å±‚ï¼Œ
                                                  C++æ–°ç‰¹æ€§ã€‚
You may provide a definition with
\DeclareUnicodeCharacter 

Missing character: There is no C in font nullfont!
Missing character: There is no + in font nullfont!
Missing character: There is no + in font nullfont!

! Package inputenc Error: Unicode character æ–° (U+65B0)
(inputenc)                not set up for use with LaTeX.

See the inputenc package documentation for explanation.
Type  H <return>  for immediate help.
 ...                                              
                                                  
l.4 ...ç¨‹ï¼ˆé‡ç‚¹ï¼‰}ï¼Œç¼–è¯‘ä¸åº•å±‚ï¼ŒC++æ–°
                                                  ç‰¹æ€§ã€‚
You may provide a definition with
\DeclareUnicodeCharacter 


! Package inputenc Error: Unicode character ç‰¹ (U+7279)
(inputenc)                not set up for use with LaTeX.

See the inputenc package documentation for explanation.
Type  H <return>  for immediate help.
 ...                                              
                                                  
l.4 ...ï¼ˆé‡ç‚¹ï¼‰}ï¼Œç¼–è¯‘ä¸åº•å±‚ï¼ŒC++æ–°ç‰¹
                                                  æ€§ã€‚
You may provide a definition with
\DeclareUnicodeCharacter 


! Package inputenc Error: Unicode character æ€§ (U+6027)
(inputenc)                not set up for use with LaTeX.

See the inputenc package documentation for explanation.
Type  H <return>  for immediate help.
 ...                                              
                                                  
l.4 ...é‡ç‚¹ï¼‰}ï¼Œç¼–è¯‘ä¸åº•å±‚ï¼ŒC++æ–°ç‰¹æ€§
                                                  ã€‚
You may provide a definition with
\DeclareUnicodeCharacter 


! Package inputenc Error: Unicode character ã€‚ (U+3002)
(inputenc)                not set up for use with LaTeX.

See the inputenc package documentation for explanation.
Type  H <return>  for immediate help.
 ...                                              
                                                  
l.4 ...ç‚¹ï¼‰}ï¼Œç¼–è¯‘ä¸åº•å±‚ï¼ŒC++æ–°ç‰¹æ€§ã€‚
                                                  
You may provide a definition with
\DeclareUnicodeCharacter 


Overfull \hbox (30.86105pt too wide) in paragraph at lines 3--5
[] []
 []


! LaTeX Error: Environment figure undefined.

See the LaTeX manual or LaTeX Companion for explanation.
Type  H <return>  for immediate help.
 ...                                              
                                                  
l.6 \begin{figure}
                  []
Your command was ignored.
Type  I <command> <return>  to replace it with another command,
or  <return>  to continue without it.


! LaTeX Error: Missing \begin{document}.

See the LaTeX manual or LaTeX Companion for explanation.
Type  H <return>  for immediate help.
 ...                                              
                                                  
l.6 \begin{figure}[
                   ]
You're in trouble here.  Try typing  <return>  to proceed.
If that doesn't work, type  X <return>  to quit.

Missing character: There is no [ in font nullfont!
Missing character: There is no ] in font nullfont!
! Undefined control sequence.
l.8 	\includegraphics
                     [width=0.5\columnwidth]{pic/overview.png}
The control sequence at the end of the top line
of your error message was never \def'ed. If you have
misspelled it (e.g., `\hobx'), type `I' and the correct
spelling (e.g., `I\hbox'). Otherwise just continue,
and I'll forget about whatever was undefined.

Missing character: There is no [ in font nullfont!
Missing character: There is no w in font nullfont!
Missing character: There is no i in font nullfont!
Missing character: There is no d in font nullfont!
Missing character: There is no t in font nullfont!
Missing character: There is no h in font nullfont!
Missing character: There is no = in font nullfont!
Missing character: There is no 0 in font nullfont!
Missing character: There is no . in font nullfont!
Missing character: There is no 5 in font nullfont!
! Missing number, treated as zero.
<to be read again> 
                   ]
l.8 	\includegraphics[width=0.5\columnwidth]
                                            {pic/overview.png}
A number should have been here; I inserted `0'.
(If you can't figure out why I needed to see a number,
look up `weird error' in the index to The TeXbook.)

! Illegal unit of measure (pt inserted).
<to be read again> 
                   ]
l.8 	\includegraphics[width=0.5\columnwidth]
                                            {pic/overview.png}
Dimensions can be in units of em, ex, in, pt, pc,
cm, mm, dd, cc, nd, nc, bp, or sp; but yours is a new one!
I'll assume that you meant to say pt, for printer's points.
To recover gracefully from this error, it's best to
delete the erroneous units; e.g., type `2' to delete
two letters. (See Chapter 27 of The TeXbook.)

Missing character: There is no ] in font nullfont!
Missing character: There is no p in font nullfont!
Missing character: There is no i in font nullfont!
Missing character: There is no c in font nullfont!
Missing character: There is no / in font nullfont!
Missing character: There is no o in font nullfont!
Missing character: There is no v in font nullfont!
Missing character: There is no e in font nullfont!
Missing character: There is no r in font nullfont!
Missing character: There is no v in font nullfont!
Missing character: There is no i in font nullfont!
Missing character: There is no e in font nullfont!
Missing character: There is no w in font nullfont!
Missing character: There is no . in font nullfont!
Missing character: There is no p in font nullfont!
Missing character: There is no n in font nullfont!
Missing character: There is no g in font nullfont!

! LaTeX Error: \caption outside float.

See the LaTeX manual or LaTeX Companion for explanation.
Type  H <return>  for immediate help.
 ...                                              
                                                  
l.9 	\caption
             {åŸºç¡€éƒ¨åˆ†å­¦ä¹ æ€»è§ˆ}
You're in trouble here.  Try typing  <return>  to proceed.
If that doesn't work, type  X <return>  to quit.


! Package inputenc Error: Unicode character åŸº (U+57FA)
(inputenc)                not set up for use with LaTeX.

See the inputenc package documentation for explanation.
Type  H <return>  for immediate help.
 ...                                              
                                                  
l.9 	\caption{åŸº
                 ç¡€éƒ¨åˆ†å­¦ä¹ æ€»è§ˆ}
You may provide a definition with
\DeclareUnicodeCharacter 


! Package inputenc Error: Unicode character ç¡€ (U+7840)
(inputenc)                not set up for use with LaTeX.

See the inputenc package documentation for explanation.
Type  H <return>  for immediate help.
 ...                                              
                                                  
l.9 	\caption{åŸºç¡€
                    éƒ¨åˆ†å­¦ä¹ æ€»è§ˆ}
You may provide a definition with
\DeclareUnicodeCharacter 


! Package inputenc Error: Unicode character éƒ¨ (U+90E8)
(inputenc)                not set up for use with LaTeX.

See the inputenc package documentation for explanation.
Type  H <return>  for immediate help.
 ...                                              
                                                  
l.9 	\caption{åŸºç¡€éƒ¨
                       åˆ†å­¦ä¹ æ€»è§ˆ}
You may provide a definition with
\DeclareUnicodeCharacter 


! Package inputenc Error: Unicode character åˆ† (U+5206)
(inputenc)                not set up for use with LaTeX.

See the inputenc package documentation for explanation.
Type  H <return>  for immediate help.
 ...                                              
                                                  
l.9 	\caption{åŸºç¡€éƒ¨åˆ†
                          å­¦ä¹ æ€»è§ˆ}
You may provide a definition with
\DeclareUnicodeCharacter 


! Package inputenc Error: Unicode character å­¦ (U+5B66)
(inputenc)                not set up for use with LaTeX.

See the inputenc package documentation for explanation.
Type  H <return>  for immediate help.
 ...                                              
                                                  
l.9 	\caption{åŸºç¡€éƒ¨åˆ†å­¦
                             ä¹ æ€»è§ˆ}
You may provide a definition with
\DeclareUnicodeCharacter 


! Package inputenc Error: Unicode character ä¹  (U+4E60)
(inputenc)                not set up for use with LaTeX.

See the inputenc package documentation for explanation.
Type  H <return>  for immediate help.
 ...                                              
                                                  
l.9 	\caption{åŸºç¡€éƒ¨åˆ†å­¦ä¹ 
                                æ€»è§ˆ}
You may provide a definition with
\DeclareUnicodeCharacter 


! Package inputenc Error: Unicode character æ€» (U+603B)
(inputenc)                not set up for use with LaTeX.

See the inputenc package documentation for explanation.
Type  H <return>  for immediate help.
 ...                                              
                                                  
l.9 	\caption{åŸºç¡€éƒ¨åˆ†å­¦ä¹ æ€»
                                   è§ˆ}
You may provide a definition with
\DeclareUnicodeCharacter 


! Package inputenc Error: Unicode character è§ˆ (U+89C8)
(inputenc)                not set up for use with LaTeX.

See the inputenc package documentation for explanation.
Type  H <return>  for immediate help.
 ...                                              
                                                  
l.9 	\caption{åŸºç¡€éƒ¨åˆ†å­¦ä¹ æ€»è§ˆ
                                      }
You may provide a definition with
\DeclareUnicodeCharacter 


! LaTeX Error: \begin{document} ended by \end{figure}.

See the LaTeX manual or LaTeX Companion for explanation.
Type  H <return>  for immediate help.
 ...                                              
                                                  
l.12 \end{figure}
                 
Your command was ignored.
Type  I <command> <return>  to replace it with another command,
or  <return>  to continue without it.


Overfull \hbox (20.0pt too wide) in paragraph at lines 6--13
[]
 []

! Undefined control sequence.
l.14 \section
             {C++ Review}
The control sequence at the end of the top line
of your error message was never \def'ed. If you have
misspelled it (e.g., `\hobx'), type `I' and the correct
spelling (e.g., `I\hbox'). Otherwise just continue,
and I'll forget about whatever was undefined.


! LaTeX Error: Missing \begin{document}.

See the LaTeX manual or LaTeX Companion for explanation.
Type  H <return>  for immediate help.
 ...                                              
                                                  
l.14 \section{C
               ++ Review}
You're in trouble here.  Try typing  <return>  to proceed.
If that doesn't work, type  X <return>  to quit.

Missing character: There is no C in font nullfont!
Missing character: There is no + in font nullfont!
Missing character: There is no + in font nullfont!
Missing character: There is no R in font nullfont!
Missing character: There is no e in font nullfont!
Missing character: There is no v in font nullfont!
Missing character: There is no i in font nullfont!
Missing character: There is no e in font nullfont!
Missing character: There is no w in font nullfont!
Missing character: There is no C in font nullfont!
Missing character: There is no + in font nullfont!
Missing character: There is no + in font nullfont!

! Package inputenc Error: Unicode character è¯­ (U+8BED)
(inputenc)                not set up for use with LaTeX.

See the inputenc package documentation for explanation.
Type  H <return>  for immediate help.
 ...                                              
                                                  
l.15 C++è¯­
           è¨€åŒæ—¶æ”¯æŒäº”ç§ç¼–ç¨‹é£æ ¼ï¼šCé£æ ¼ï¼ˆé¢å‘è¿‡ç¨‹ï¼‰ã€å...

You may provide a definition with
\DeclareUnicodeCharacter 


! Package inputenc Error: Unicode character è¨€ (U+8A00)
(inputenc)                not set up for use with LaTeX.

See the inputenc package documentation for explanation.
Type  H <return>  for immediate help.
 ...                                              
                                                  
l.15 C++è¯­è¨€
              åŒæ—¶æ”¯æŒäº”ç§ç¼–ç¨‹é£æ ¼ï¼šCé£æ ¼ï¼ˆé¢å‘è¿‡ç¨‹ï¼‰ã€å...

You may provide a definition with
\DeclareUnicodeCharacter 


! Package inputenc Error: Unicode character åŒ (U+540C)
(inputenc)                not set up for use with LaTeX.

See the inputenc package documentation for explanation.
Type  H <return>  for immediate help.
 ...                                              
                                                  
l.15 C++è¯­è¨€åŒ
                 æ—¶æ”¯æŒäº”ç§ç¼–ç¨‹é£æ ¼ï¼šCé£æ ¼ï¼ˆé¢å‘è¿‡ç¨‹ï¼‰ã€å...

You may provide a definition with
\DeclareUnicodeCharacter 


! Package inputenc Error: Unicode character æ—¶ (U+65F6)
(inputenc)                not set up for use with LaTeX.

See the inputenc package documentation for explanation.
Type  H <return>  for immediate help.
 ...                                              
                                                  
l.15 C++è¯­è¨€åŒæ—¶
                    æ”¯æŒäº”ç§ç¼–ç¨‹é£æ ¼ï¼šCé£æ ¼ï¼ˆé¢å‘è¿‡ç¨‹ï¼‰ã€å...

You may provide a definition with
\DeclareUnicodeCharacter 


! Package inputenc Error: Unicode character æ”¯ (U+652F)
(inputenc)                not set up for use with LaTeX.

See the inputenc package documentation for explanation.
Type  H <return>  for immediate help.
 ...                                              
                                                  
l.15 C++è¯­è¨€åŒæ—¶æ”¯
                       æŒäº”ç§ç¼–ç¨‹é£æ ¼ï¼šCé£æ ¼ï¼ˆé¢å‘è¿‡ç¨‹ï¼‰ã€å...

You may provide a definition with
\DeclareUnicodeCharacter 


! Package inputenc Error: Unicode character æŒ (U+6301)
(inputenc)                not set up for use with LaTeX.

See the inputenc package documentation for explanation.
Type  H <return>  for immediate help.
 ...                                              
                                                  
l.15 C++è¯­è¨€åŒæ—¶æ”¯æŒ
                          äº”ç§ç¼–ç¨‹é£æ ¼ï¼šCé£æ ¼ï¼ˆé¢å‘è¿‡ç¨‹ï¼‰ã€å...

You may provide a definition with
\DeclareUnicodeCharacter 


! Package inputenc Error: Unicode character äº” (U+4E94)
(inputenc)                not set up for use with LaTeX.

See the inputenc package documentation for explanation.
Type  H <return>  for immediate help.
 ...                                              
                                                  
l.15 C++è¯­è¨€åŒæ—¶æ”¯æŒäº”
                             ç§ç¼–ç¨‹é£æ ¼ï¼šCé£æ ¼ï¼ˆé¢å‘è¿‡ç¨‹ï¼‰ã€å...

You may provide a definition with
\DeclareUnicodeCharacter 


! Package inputenc Error: Unicode character ç§ (U+79CD)
(inputenc)                not set up for use with LaTeX.

See the inputenc package documentation for explanation.
Type  H <return>  for immediate help.
 ...                                              
                                                  
l.15 C++è¯­è¨€åŒæ—¶æ”¯æŒäº”ç§
                                ç¼–ç¨‹é£æ ¼ï¼šCé£æ ¼ï¼ˆé¢å‘è¿‡ç¨‹ï¼‰ã€å...

You may provide a definition with
\DeclareUnicodeCharacter 


! Package inputenc Error: Unicode character ç¼– (U+7F16)
(inputenc)                not set up for use with LaTeX.

See the inputenc package documentation for explanation.
Type  H <return>  for immediate help.
 ...                                              
                                                  
l.15 C++è¯­è¨€åŒæ—¶æ”¯æŒäº”ç§ç¼–
                                   ç¨‹é£æ ¼ï¼šCé£æ ¼ï¼ˆé¢å‘è¿‡ç¨‹ï¼‰ã€å...

You may provide a definition with
\DeclareUnicodeCharacter 


! Package inputenc Error: Unicode character ç¨‹ (U+7A0B)
(inputenc)                not set up for use with LaTeX.

See the inputenc package documentation for explanation.
Type  H <return>  for immediate help.
 ...                                              
                                                  
l.15 C++è¯­è¨€åŒæ—¶æ”¯æŒäº”ç§ç¼–ç¨‹
                                      é£æ ¼ï¼šCé£æ ¼ï¼ˆé¢å‘è¿‡ç¨‹ï¼‰ã€å...

You may provide a definition with
\DeclareUnicodeCharacter 


! Package inputenc Error: Unicode character é£ (U+98CE)
(inputenc)                not set up for use with LaTeX.

See the inputenc package documentation for explanation.
Type  H <return>  for immediate help.
 ...                                              
                                                  
l.15 C++è¯­è¨€åŒæ—¶æ”¯æŒäº”ç§ç¼–ç¨‹é£
                                         æ ¼ï¼šCé£æ ¼ï¼ˆé¢å‘è¿‡ç¨‹ï¼‰ã€å...

You may provide a definition with
\DeclareUnicodeCharacter 


! Package inputenc Error: Unicode character æ ¼ (U+683C)
(inputenc)                not set up for use with LaTeX.

See the inputenc package documentation for explanation.
Type  H <return>  for immediate help.
 ...                                              
                                                  
l.15 C++è¯­è¨€åŒæ—¶æ”¯æŒäº”ç§ç¼–ç¨‹é£æ ¼
                                            ï¼šCé£æ ¼ï¼ˆé¢å‘è¿‡ç¨‹ï¼‰ã€å...

You may provide a definition with
\DeclareUnicodeCharacter 


! Package inputenc Error: Unicode character ï¼š (U+FF1A)
(inputenc)                not set up for use with LaTeX.

See the inputenc package documentation for explanation.
Type  H <return>  for immediate help.
 ...                                              
                                                  
l.15 C++è¯­è¨€åŒæ—¶æ”¯æŒäº”ç§ç¼–ç¨‹é£æ ¼ï¼š
                                               Cé£æ ¼ï¼ˆé¢å‘è¿‡ç¨‹ï¼‰ã€å...

You may provide a definition with
\DeclareUnicodeCharacter 

Missing character: There is no C in font nullfont!

! Package inputenc Error: Unicode character é£ (U+98CE)
(inputenc)                not set up for use with LaTeX.

See the inputenc package documentation for explanation.
Type  H <return>  for immediate help.
 ...                                              
                                                  
l.15 ...¯­è¨€åŒæ—¶æ”¯æŒäº”ç§ç¼–ç¨‹é£æ ¼ï¼šCé£
                                                  æ ¼ï¼ˆé¢å‘è¿‡ç¨‹ï¼‰ã€åŸ...

You may provide a definition with
\DeclareUnicodeCharacter 


! Package inputenc Error: Unicode character æ ¼ (U+683C)
(inputenc)                not set up for use with LaTeX.

See the inputenc package documentation for explanation.
Type  H <return>  for immediate help.
 ...                                              
                                                  
l.15 ...¨€åŒæ—¶æ”¯æŒäº”ç§ç¼–ç¨‹é£æ ¼ï¼šCé£æ ¼
                                                  ï¼ˆé¢å‘è¿‡ç¨‹ï¼‰ã€åŸºäº...

You may provide a definition with
\DeclareUnicodeCharacter 


! Package inputenc Error: Unicode character ï¼ˆ (U+FF08)
(inputenc)                not set up for use with LaTeX.

See the inputenc package documentation for explanation.
Type  H <return>  for immediate help.
 ...                                              
                                                  
l.15 ...Œæ—¶æ”¯æŒäº”ç§ç¼–ç¨‹é£æ ¼ï¼šCé£æ ¼ï¼ˆ
                                                  é¢å‘è¿‡ç¨‹ï¼‰ã€åŸºäºå¯...

You may provide a definition with
\DeclareUnicodeCharacter 


! Package inputenc Error: Unicode character é¢ (U+9762)
(inputenc)                not set up for use with LaTeX.

See the inputenc package documentation for explanation.
Type  H <return>  for immediate help.
 ...                                              
                                                  
l.15 ...—¶æ”¯æŒäº”ç§ç¼–ç¨‹é£æ ¼ï¼šCé£æ ¼ï¼ˆé¢
                                                  å‘è¿‡ç¨‹ï¼‰ã€åŸºäºå¯¹è±...

You may provide a definition with
\DeclareUnicodeCharacter 


! Package inputenc Error: Unicode character å‘ (U+5411)
(inputenc)                not set up for use with LaTeX.

See the inputenc package documentation for explanation.
Type  H <return>  for immediate help.
 ...                                              
                                                  
l.15 ...”¯æŒäº”ç§ç¼–ç¨‹é£æ ¼ï¼šCé£æ ¼ï¼ˆé¢å‘
                                                  è¿‡ç¨‹ï¼‰ã€åŸºäºå¯¹è±¡ã€...

You may provide a definition with
\DeclareUnicodeCharacter 


! Package inputenc Error: Unicode character è¿‡ (U+8FC7)
(inputenc)                not set up for use with LaTeX.

See the inputenc package documentation for explanation.
Type  H <return>  for immediate help.
 ...                                              
                                                  
l.15 ...Œäº”ç§ç¼–ç¨‹é£æ ¼ï¼šCé£æ ¼ï¼ˆé¢å‘è¿‡
                                                  ç¨‹ï¼‰ã€åŸºäºå¯¹è±¡ã€é...

You may provide a definition with
\DeclareUnicodeCharacter 


! Package inputenc Error: Unicode character ç¨‹ (U+7A0B)
(inputenc)                not set up for use with LaTeX.

See the inputenc package documentation for explanation.
Type  H <return>  for immediate help.
 ...                                              
                                                  
l.15 ...º”ç§ç¼–ç¨‹é£æ ¼ï¼šCé£æ ¼ï¼ˆé¢å‘è¿‡ç¨‹
                                                  ï¼‰ã€åŸºäºå¯¹è±¡ã€é¢å...

You may provide a definition with
\DeclareUnicodeCharacter 


! Package inputenc Error: Unicode character ï¼‰ (U+FF09)
(inputenc)                not set up for use with LaTeX.

See the inputenc package documentation for explanation.
Type  H <return>  for immediate help.
 ...                                              
                                                  
l.15 ...§ç¼–ç¨‹é£æ ¼ï¼šCé£æ ¼ï¼ˆé¢å‘è¿‡ç¨‹ï¼‰
                                                  ã€åŸºäºå¯¹è±¡ã€é¢å‘å¯...

You may provide a definition with
\DeclareUnicodeCharacter 


! Package inputenc Error: Unicode character ã€ (U+3001)
(inputenc)                not set up for use with LaTeX.

See the inputenc package documentation for explanation.
Type  H <return>  for immediate help.
 ...                                              
                                                  
l.15 ...¼–ç¨‹é£æ ¼ï¼šCé£æ ¼ï¼ˆé¢å‘è¿‡ç¨‹ï¼‰ã€
                                                  åŸºäºå¯¹è±¡ã€é¢å‘å¯¹è±...

You may provide a definition with
\DeclareUnicodeCharacter 


! Package inputenc Error: Unicode character åŸº (U+57FA)
(inputenc)                not set up for use with LaTeX.

See the inputenc package documentation for explanation.
Type  H <return>  for immediate help.
 ...                                              
                                                  
l.15 ...¨‹é£æ ¼ï¼šCé£æ ¼ï¼ˆé¢å‘è¿‡ç¨‹ï¼‰ã€åŸº
                                                  äºå¯¹è±¡ã€é¢å‘å¯¹è±¡ã€...

You may provide a definition with
\DeclareUnicodeCharacter 


! Package inputenc Error: Unicode character äº (U+4E8E)
(inputenc)                not set up for use with LaTeX.

See the inputenc package documentation for explanation.
Type  H <return>  for immediate help.
 ...                                              
                                                  
l.15 ...£æ ¼ï¼šCé£æ ¼ï¼ˆé¢å‘è¿‡ç¨‹ï¼‰ã€åŸºäº
                                                  å¯¹è±¡ã€é¢å‘å¯¹è±¡ã€æ³...

You may provide a definition with
\DeclareUnicodeCharacter 


! Package inputenc Error: Unicode character å¯¹ (U+5BF9)
(inputenc)                not set up for use with LaTeX.

See the inputenc package documentation for explanation.
Type  H <return>  for immediate help.
 ...                                              
                                                  
l.15 ... ¼ï¼šCé£æ ¼ï¼ˆé¢å‘è¿‡ç¨‹ï¼‰ã€åŸºäºå¯¹
                                                  è±¡ã€é¢å‘å¯¹è±¡ã€æ³›å...

You may provide a definition with
\DeclareUnicodeCharacter 


! Package inputenc Error: Unicode character è±¡ (U+8C61)
(inputenc)                not set up for use with LaTeX.

See the inputenc package documentation for explanation.
Type  H <return>  for immediate help.
 ...                                              
                                                  
l.15 ...¼šCé£æ ¼ï¼ˆé¢å‘è¿‡ç¨‹ï¼‰ã€åŸºäºå¯¹è±¡
                                                  ã€é¢å‘å¯¹è±¡ã€æ³›å‹å’...

You may provide a definition with
\DeclareUnicodeCharacter 


! Package inputenc Error: Unicode character ã€ (U+3001)
(inputenc)                not set up for use with LaTeX.

See the inputenc package documentation for explanation.
Type  H <return>  for immediate help.
 ...                                              
                                                  
l.15 ...é£æ ¼ï¼ˆé¢å‘è¿‡ç¨‹ï¼‰ã€åŸºäºå¯¹è±¡ã€
                                                  é¢å‘å¯¹è±¡ã€æ³›å‹å’Œå‡...

You may provide a definition with
\DeclareUnicodeCharacter 


! Package inputenc Error: Unicode character é¢ (U+9762)
(inputenc)                not set up for use with LaTeX.

See the inputenc package documentation for explanation.
Type  H <return>  for immediate help.
 ...                                              
                                                  
l.15 ...æ ¼ï¼ˆé¢å‘è¿‡ç¨‹ï¼‰ã€åŸºäºå¯¹è±¡ã€é¢
                                                  å‘å¯¹è±¡ã€æ³›å‹å’Œå‡½æ•...

You may provide a definition with
\DeclareUnicodeCharacter 


! Package inputenc Error: Unicode character å‘ (U+5411)
(inputenc)                not set up for use with LaTeX.

See the inputenc package documentation for explanation.
Type  H <return>  for immediate help.
 ...                                              
                                                  
l.15 ...ï¼ˆé¢å‘è¿‡ç¨‹ï¼‰ã€åŸºäºå¯¹è±¡ã€é¢å‘
                                                  å¯¹è±¡ã€æ³›å‹å’Œå‡½æ•°å¼...

You may provide a definition with
\DeclareUnicodeCharacter 


! Package inputenc Error: Unicode character å¯¹ (U+5BF9)
(inputenc)                not set up for use with LaTeX.

See the inputenc package documentation for explanation.
Type  H <return>  for immediate help.
 ...                                              
                                                  
l.15 ...é¢å‘è¿‡ç¨‹ï¼‰ã€åŸºäºå¯¹è±¡ã€é¢å‘å¯¹
                                                  è±¡ã€æ³›å‹å’Œå‡½æ•°å¼ã€‚
You may provide a definition with
\DeclareUnicodeCharacter 


! Package inputenc Error: Unicode character è±¡ (U+8C61)
(inputenc)                not set up for use with LaTeX.

See the inputenc package documentation for explanation.
Type  H <return>  for immediate help.
 ...                                              
                                                  
l.15 ...å‘è¿‡ç¨‹ï¼‰ã€åŸºäºå¯¹è±¡ã€é¢å‘å¯¹è±¡
                                                  ã€æ³›å‹å’Œå‡½æ•°å¼ã€‚
You may provide a definition with
\DeclareUnicodeCharacter 


! Package inputenc Error: Unicode character ã€ (U+3001)
(inputenc)                not set up for use with LaTeX.

See the inputenc package documentation for explanation.
Type  H <return>  for immediate help.
 ...                                              
                                                  
l.15 ...è¿‡ç¨‹ï¼‰ã€åŸºäºå¯¹è±¡ã€é¢å‘å¯¹è±¡ã€
                                                  æ³›å‹å’Œå‡½æ•°å¼ã€‚
You may provide a definition with
\DeclareUnicodeCharacter 


! Package inputenc Error: Unicode character æ³› (U+6CDB)
(inputenc)                not set up for use with LaTeX.

See the inputenc package documentation for explanation.
Type  H <return>  for immediate help.
 ...                                              
                                                  
l.15 ...ç¨‹ï¼‰ã€åŸºäºå¯¹è±¡ã€é¢å‘å¯¹è±¡ã€æ³›
                                                  å‹å’Œå‡½æ•°å¼ã€‚
You may provide a definition with
\DeclareUnicodeCharacter 


! Package inputenc Error: Unicode character å‹ (U+578B)
(inputenc)                not set up for use with LaTeX.

See the inputenc package documentation for explanation.
Type  H <return>  for immediate help.
 ...                                              
                                                  
l.15 ...ï¼‰ã€åŸºäºå¯¹è±¡ã€é¢å‘å¯¹è±¡ã€æ³›å‹
                                                  å’Œå‡½æ•°å¼ã€‚
You may provide a definition with
\DeclareUnicodeCharacter 


! Package inputenc Error: Unicode character å’Œ (U+548C)
(inputenc)                not set up for use with LaTeX.

See the inputenc package documentation for explanation.
Type  H <return>  for immediate help.
 ...                                              
                                                  
l.15 ...ã€åŸºäºå¯¹è±¡ã€é¢å‘å¯¹è±¡ã€æ³›å‹å’Œ
                                                  å‡½æ•°å¼ã€‚
You may provide a definition with
\DeclareUnicodeCharacter 


! Package inputenc Error: Unicode character å‡½ (U+51FD)
(inputenc)                not set up for use with LaTeX.

See the inputenc package documentation for explanation.
Type  H <return>  for immediate help.
 ...                                              
                                                  
l.15 ...åŸºäºå¯¹è±¡ã€é¢å‘å¯¹è±¡ã€æ³›å‹å’Œå‡½
                                                  æ•°å¼ã€‚
You may provide a definition with
\DeclareUnicodeCharacter 


! Package inputenc Error: Unicode character æ•° (U+6570)
(inputenc)                not set up for use with LaTeX.

See the inputenc package documentation for explanation.
Type  H <return>  for immediate help.
 ...                                              
                                                  
l.15 ...äºå¯¹è±¡ã€é¢å‘å¯¹è±¡ã€æ³›å‹å’Œå‡½æ•°
                                                  å¼ã€‚
You may provide a definition with
\DeclareUnicodeCharacter 


! Package inputenc Error: Unicode character å¼ (U+5F0F)
(inputenc)                not set up for use with LaTeX.

See the inputenc package documentation for explanation.
Type  H <return>  for immediate help.
 ...                                              
                                                  
l.15 ...å¯¹è±¡ã€é¢å‘å¯¹è±¡ã€æ³›å‹å’Œå‡½æ•°å¼
                                                  ã€‚
You may provide a definition with
\DeclareUnicodeCharacter 


! Package inputenc Error: Unicode character ã€‚ (U+3002)
(inputenc)                not set up for use with LaTeX.

See the inputenc package documentation for explanation.
Type  H <return>  for immediate help.
 ...                                              
                                                  
l.15 ...è±¡ã€é¢å‘å¯¹è±¡ã€æ³›å‹å’Œå‡½æ•°å¼ã€‚
                                                  
You may provide a definition with
\DeclareUnicodeCharacter 


! Package inputenc Error: Unicode character åœ¨ (U+5728)
(inputenc)                not set up for use with LaTeX.

See the inputenc package documentation for explanation.
Type  H <return>  for immediate help.
 ...                                              
                                                  
l.16 åœ¨
        C++11ä¹‹å‰æŠ½è±¡å­˜åœ¨è‹¥å¹²çš„ç¼ºé™·ï¼Œæœ€ä¸¥é‡çš„æ˜¯ç¼ºå°‘è‡ªåŠ¨...

You may provide a definition with
\DeclareUnicodeCharacter 

Missing character: There is no C in font nullfont!
Missing character: There is no + in font nullfont!
Missing character: There is no + in font nullfont!
Missing character: There is no 1 in font nullfont!
Missing character: There is no 1 in font nullfont!

! Package inputenc Error: Unicode character ä¹‹ (U+4E4B)
(inputenc)                not set up for use with LaTeX.

See the inputenc package documentation for explanation.
Type  H <return>  for immediate help.
 ...                                              
                                                  
l.16 åœ¨C++11ä¹‹
                å‰æŠ½è±¡å­˜åœ¨è‹¥å¹²çš„ç¼ºé™·ï¼Œæœ€ä¸¥é‡çš„æ˜¯ç¼ºå°‘è‡ªåŠ¨...

You may provide a definition with
\DeclareUnicodeCharacter 


! Package inputenc Error: Unicode character å‰ (U+524D)
(inputenc)                not set up for use with LaTeX.

See the inputenc package documentation for explanation.
Type  H <return>  for immediate help.
 ...                                              
                                                  
l.16 åœ¨C++11ä¹‹å‰
                   æŠ½è±¡å­˜åœ¨è‹¥å¹²çš„ç¼ºé™·ï¼Œæœ€ä¸¥é‡çš„æ˜¯ç¼ºå°‘è‡ªåŠ¨...

You may provide a definition with
\DeclareUnicodeCharacter 


! Package inputenc Error: Unicode character æŠ½ (U+62BD)
(inputenc)                not set up for use with LaTeX.

See the inputenc package documentation for explanation.
Type  H <return>  for immediate help.
 ...                                              
                                                  
l.16 åœ¨C++11ä¹‹å‰æŠ½
                      è±¡å­˜åœ¨è‹¥å¹²çš„ç¼ºé™·ï¼Œæœ€ä¸¥é‡çš„æ˜¯ç¼ºå°‘è‡ªåŠ¨...

You may provide a definition with
\DeclareUnicodeCharacter 


! Package inputenc Error: Unicode character è±¡ (U+8C61)
(inputenc)                not set up for use with LaTeX.

See the inputenc package documentation for explanation.
Type  H <return>  for immediate help.
 ...                                              
                                                  
l.16 åœ¨C++11ä¹‹å‰æŠ½è±¡
                         å­˜åœ¨è‹¥å¹²çš„ç¼ºé™·ï¼Œæœ€ä¸¥é‡çš„æ˜¯ç¼ºå°‘è‡ªåŠ¨...

You may provide a definition with
\DeclareUnicodeCharacter 


! Package inputenc Error: Unicode character å­˜ (U+5B58)
(inputenc)                not set up for use with LaTeX.

See the inputenc package documentation for explanation.
Type  H <return>  for immediate help.
 ...                                              
                                                  
l.16 åœ¨C++11ä¹‹å‰æŠ½è±¡å­˜
                            åœ¨è‹¥å¹²çš„ç¼ºé™·ï¼Œæœ€ä¸¥é‡çš„æ˜¯ç¼ºå°‘è‡ªåŠ¨...

You may provide a definition with
\DeclareUnicodeCharacter 


! Package inputenc Error: Unicode character åœ¨ (U+5728)
(inputenc)                not set up for use with LaTeX.

See the inputenc package documentation for explanation.
Type  H <return>  for immediate help.
 ...                                              
                                                  
l.16 åœ¨C++11ä¹‹å‰æŠ½è±¡å­˜åœ¨
                               è‹¥å¹²çš„ç¼ºé™·ï¼Œæœ€ä¸¥é‡çš„æ˜¯ç¼ºå°‘è‡ªåŠ¨...

You may provide a definition with
\DeclareUnicodeCharacter 


! Package inputenc Error: Unicode character è‹¥ (U+82E5)
(inputenc)                not set up for use with LaTeX.

See the inputenc package documentation for explanation.
Type  H <return>  for immediate help.
 ...                                              
                                                  
l.16 åœ¨C++11ä¹‹å‰æŠ½è±¡å­˜åœ¨è‹¥
                                  å¹²çš„ç¼ºé™·ï¼Œæœ€ä¸¥é‡çš„æ˜¯ç¼ºå°‘è‡ªåŠ¨...

You may provide a definition with
\DeclareUnicodeCharacter 


! Package inputenc Error: Unicode character å¹² (U+5E72)
(inputenc)                not set up for use with LaTeX.

See the inputenc package documentation for explanation.
Type  H <return>  for immediate help.
 ...                                              
                                                  
l.16 åœ¨C++11ä¹‹å‰æŠ½è±¡å­˜åœ¨è‹¥å¹²
                                     çš„ç¼ºé™·ï¼Œæœ€ä¸¥é‡çš„æ˜¯ç¼ºå°‘è‡ªåŠ¨...

You may provide a definition with
\DeclareUnicodeCharacter 


! Package inputenc Error: Unicode character çš„ (U+7684)
(inputenc)                not set up for use with LaTeX.

See the inputenc package documentation for explanation.
Type  H <return>  for immediate help.
 ...                                              
                                                  
l.16 åœ¨C++11ä¹‹å‰æŠ½è±¡å­˜åœ¨è‹¥å¹²çš„
                                        ç¼ºé™·ï¼Œæœ€ä¸¥é‡çš„æ˜¯ç¼ºå°‘è‡ªåŠ¨...

You may provide a definition with
\DeclareUnicodeCharacter 


! Package inputenc Error: Unicode character ç¼º (U+7F3A)
(inputenc)                not set up for use with LaTeX.

See the inputenc package documentation for explanation.
Type  H <return>  for immediate help.
 ...                                              
                                                  
l.16 åœ¨C++11ä¹‹å‰æŠ½è±¡å­˜åœ¨è‹¥å¹²çš„ç¼º
                                           é™·ï¼Œæœ€ä¸¥é‡çš„æ˜¯ç¼ºå°‘è‡ªåŠ¨...

You may provide a definition with
\DeclareUnicodeCharacter 


! Package inputenc Error: Unicode character é™· (U+9677)
(inputenc)                not set up for use with LaTeX.

See the inputenc package documentation for explanation.
Type  H <return>  for immediate help.
 ...                                              
                                                  
l.16 åœ¨C++11ä¹‹å‰æŠ½è±¡å­˜åœ¨è‹¥å¹²çš„ç¼ºé™·
                                              ï¼Œæœ€ä¸¥é‡çš„æ˜¯ç¼ºå°‘è‡ªåŠ¨...

You may provide a definition with
\DeclareUnicodeCharacter 


! Package inputenc Error: Unicode character ï¼Œ (U+FF0C)
(inputenc)                not set up for use with LaTeX.

See the inputenc package documentation for explanation.
Type  H <return>  for immediate help.
 ...                                              
                                                  
l.16 åœ¨C++11ä¹‹å‰æŠ½è±¡å­˜åœ¨è‹¥å¹²çš„ç¼ºé™·ï¼Œ
                                                 æœ€ä¸¥é‡çš„æ˜¯ç¼ºå°‘è‡ªåŠ¨...

You may provide a definition with
\DeclareUnicodeCharacter 


! Package inputenc Error: Unicode character æœ€ (U+6700)
(inputenc)                not set up for use with LaTeX.

See the inputenc package documentation for explanation.
Type  H <return>  for immediate help.
 ...                                              
                                                  
l.16 ...+11ä¹‹å‰æŠ½è±¡å­˜åœ¨è‹¥å¹²çš„ç¼ºé™·ï¼Œæœ€
                                                  ä¸¥é‡çš„æ˜¯ç¼ºå°‘è‡ªåŠ¨å†...

You may provide a definition with
\DeclareUnicodeCharacter 


! Package inputenc Error: Unicode character ä¸¥ (U+4E25)
(inputenc)                not set up for use with LaTeX.

See the inputenc package documentation for explanation.
Type  H <return>  for immediate help.
 ...                                              
                                                  
l.16 ...ä¹‹å‰æŠ½è±¡å­˜åœ¨è‹¥å¹²çš„ç¼ºé™·ï¼Œæœ€ä¸¥
                                                  é‡çš„æ˜¯ç¼ºå°‘è‡ªåŠ¨å†…å­...

You may provide a definition with
\DeclareUnicodeCharacter 


! Package inputenc Error: Unicode character é‡ (U+91CD)
(inputenc)                not set up for use with LaTeX.

See the inputenc package documentation for explanation.
Type  H <return>  for immediate help.
 ...                                              
                                                  
l.16 ...å‰æŠ½è±¡å­˜åœ¨è‹¥å¹²çš„ç¼ºé™·ï¼Œæœ€ä¸¥é‡
                                                  çš„æ˜¯ç¼ºå°‘è‡ªåŠ¨å†…å­˜ç®...

You may provide a definition with
\DeclareUnicodeCharacter 


! Package inputenc Error: Unicode character çš„ (U+7684)
(inputenc)                not set up for use with LaTeX.

See the inputenc package documentation for explanation.
Type  H <return>  for immediate help.
 ...                                              
                                                  
l.16 ...æŠ½è±¡å­˜åœ¨è‹¥å¹²çš„ç¼ºé™·ï¼Œæœ€ä¸¥é‡çš„
                                                  æ˜¯ç¼ºå°‘è‡ªåŠ¨å†…å­˜ç®¡ç...

You may provide a definition with
\DeclareUnicodeCharacter 


! Package inputenc Error: Unicode character æ˜¯ (U+662F)
(inputenc)                not set up for use with LaTeX.

See the inputenc package documentation for explanation.
Type  H <return>  for immediate help.
 ...                                              
                                                  
l.16 ...è±¡å­˜åœ¨è‹¥å¹²çš„ç¼ºé™·ï¼Œæœ€ä¸¥é‡çš„æ˜¯
                                                  ç¼ºå°‘è‡ªåŠ¨å†…å­˜ç®¡ç†å’...

You may provide a definition with
\DeclareUnicodeCharacter 


! Package inputenc Error: Unicode character ç¼º (U+7F3A)
(inputenc)                not set up for use with LaTeX.

See the inputenc package documentation for explanation.
Type  H <return>  for immediate help.
 ...                                              
                                                  
l.16 ...å­˜åœ¨è‹¥å¹²çš„ç¼ºé™·ï¼Œæœ€ä¸¥é‡çš„æ˜¯ç¼º
                                                  å°‘è‡ªåŠ¨å†…å­˜ç®¡ç†å’Œå¯...

You may provide a definition with
\DeclareUnicodeCharacter 


! Package inputenc Error: Unicode character å°‘ (U+5C11)
(inputenc)                not set up for use with LaTeX.

See the inputenc package documentation for explanation.
Type  H <return>  for immediate help.
 ...                                              
                                                  
l.16 ...åœ¨è‹¥å¹²çš„ç¼ºé™·ï¼Œæœ€ä¸¥é‡çš„æ˜¯ç¼ºå°‘
                                                  è‡ªåŠ¨å†…å­˜ç®¡ç†å’Œå¯¹è±...

You may provide a definition with
\DeclareUnicodeCharacter 


! Package inputenc Error: Unicode character è‡ª (U+81EA)
(inputenc)                not set up for use with LaTeX.

See the inputenc package documentation for explanation.
Type  H <return>  for immediate help.
 ...                                              
                                                  
l.16 ...è‹¥å¹²çš„ç¼ºé™·ï¼Œæœ€ä¸¥é‡çš„æ˜¯ç¼ºå°‘è‡ª
                                                  åŠ¨å†…å­˜ç®¡ç†å’Œå¯¹è±¡çº...

You may provide a definition with
\DeclareUnicodeCharacter 


! Package inputenc Error: Unicode character åŠ¨ (U+52A8)
(inputenc)                not set up for use with LaTeX.

See the inputenc package documentation for explanation.
Type  H <return>  for immediate help.
 ...                                              
                                                  
l.16 ...å¹²çš„ç¼ºé™·ï¼Œæœ€ä¸¥é‡çš„æ˜¯ç¼ºå°‘è‡ªåŠ¨
                                                  å†…å­˜ç®¡ç†å’Œå¯¹è±¡çº§åˆ...

You may provide a definition with
\DeclareUnicodeCharacter 


! Package inputenc Error: Unicode character å†… (U+5185)
(inputenc)                not set up for use with LaTeX.

See the inputenc package documentation for explanation.
Type  H <return>  for immediate help.
 ...                                              
                                                  
l.16 ...çš„ç¼ºé™·ï¼Œæœ€ä¸¥é‡çš„æ˜¯ç¼ºå°‘è‡ªåŠ¨å†…
                                                  å­˜ç®¡ç†å’Œå¯¹è±¡çº§åˆ«çš...

You may provide a definition with
\DeclareUnicodeCharacter 


! Package inputenc Error: Unicode character å­˜ (U+5B58)
(inputenc)                not set up for use with LaTeX.

See the inputenc package documentation for explanation.
Type  H <return>  for immediate help.
 ...                                              
                                                  
l.16 ...ç¼ºé™·ï¼Œæœ€ä¸¥é‡çš„æ˜¯ç¼ºå°‘è‡ªåŠ¨å†…å­˜
                                                  ç®¡ç†å’Œå¯¹è±¡çº§åˆ«çš„æ¶...

You may provide a definition with
\DeclareUnicodeCharacter 


! Package inputenc Error: Unicode character ç®¡ (U+7BA1)
(inputenc)                not set up for use with LaTeX.

See the inputenc package documentation for explanation.
Type  H <return>  for immediate help.
 ...                                              
                                                  
l.16 ...é™·ï¼Œæœ€ä¸¥é‡çš„æ˜¯ç¼ºå°‘è‡ªåŠ¨å†…å­˜ç®¡
                                                  ç†å’Œå¯¹è±¡çº§åˆ«çš„æ¶ˆæ...

You may provide a definition with
\DeclareUnicodeCharacter 


! Package inputenc Error: Unicode character ç† (U+7406)
(inputenc)                not set up for use with LaTeX.

See the inputenc package documentation for explanation.
Type  H <return>  for immediate help.
 ...                                              
                                                  
l.16 ...ï¼Œæœ€ä¸¥é‡çš„æ˜¯ç¼ºå°‘è‡ªåŠ¨å†…å­˜ç®¡ç†
                                                  å’Œå¯¹è±¡çº§åˆ«çš„æ¶ˆæ¯å...

You may provide a definition with
\DeclareUnicodeCharacter 


! Package inputenc Error: Unicode character å’Œ (U+548C)
(inputenc)                not set up for use with LaTeX.

See the inputenc package documentation for explanation.
Type  H <return>  for immediate help.
 ...                                              
                                                  
l.16 ...æœ€ä¸¥é‡çš„æ˜¯ç¼ºå°‘è‡ªåŠ¨å†…å­˜ç®¡ç†å’Œ
                                                  å¯¹è±¡çº§åˆ«çš„æ¶ˆæ¯å‘é€...

You may provide a definition with
\DeclareUnicodeCharacter 


! Package inputenc Error: Unicode character å¯¹ (U+5BF9)
(inputenc)                not set up for use with LaTeX.

See the inputenc package documentation for explanation.
Type  H <return>  for immediate help.
 ...                                              
                                                  
l.16 ...ä¸¥é‡çš„æ˜¯ç¼ºå°‘è‡ªåŠ¨å†…å­˜ç®¡ç†å’Œå¯¹
                                                  è±¡çº§åˆ«çš„æ¶ˆæ¯å‘é€æœ...

You may provide a definition with
\DeclareUnicodeCharacter 


! Package inputenc Error: Unicode character è±¡ (U+8C61)
(inputenc)                not set up for use with LaTeX.

See the inputenc package documentation for explanation.
Type  H <return>  for immediate help.
 ...                                              
                                                  
l.16 ...é‡çš„æ˜¯ç¼ºå°‘è‡ªåŠ¨å†…å­˜ç®¡ç†å’Œå¯¹è±¡
                                                  çº§åˆ«çš„æ¶ˆæ¯å‘é€æœºåˆ...

You may provide a definition with
\DeclareUnicodeCharacter 


! Package inputenc Error: Unicode character çº§ (U+7EA7)
(inputenc)                not set up for use with LaTeX.

See the inputenc package documentation for explanation.
Type  H <return>  for immediate help.
 ...                                              
                                                  
l.16 ...çš„æ˜¯ç¼ºå°‘è‡ªåŠ¨å†…å­˜ç®¡ç†å’Œå¯¹è±¡çº§
                                                  åˆ«çš„æ¶ˆæ¯å‘é€æœºåˆ¶ã€‚
You may provide a definition with
\DeclareUnicodeCharacter 


! Package inputenc Error: Unicode character åˆ« (U+522B)
(inputenc)                not set up for use with LaTeX.

See the inputenc package documentation for explanation.
Type  H <return>  for immediate help.
 ...                                              
                                                  
l.16 ...æ˜¯ç¼ºå°‘è‡ªåŠ¨å†…å­˜ç®¡ç†å’Œå¯¹è±¡çº§åˆ«
                                                  çš„æ¶ˆæ¯å‘é€æœºåˆ¶ã€‚
You may provide a definition with
\DeclareUnicodeCharacter 


! Package inputenc Error: Unicode character çš„ (U+7684)
(inputenc)                not set up for use with LaTeX.

See the inputenc package documentation for explanation.
Type  H <return>  for immediate help.
 ...                                              
                                                  
l.16 ...ç¼ºå°‘è‡ªåŠ¨å†…å­˜ç®¡ç†å’Œå¯¹è±¡çº§åˆ«çš„
                                                  æ¶ˆæ¯å‘é€æœºåˆ¶ã€‚
You may provide a definition with
\DeclareUnicodeCharacter 


! Package inputenc Error: Unicode character æ¶ˆ (U+6D88)
(inputenc)                not set up for use with LaTeX.

See the inputenc package documentation for explanation.
Type  H <return>  for immediate help.
 ...                                              
                                                  
l.16 ...å°‘è‡ªåŠ¨å†…å­˜ç®¡ç†å’Œå¯¹è±¡çº§åˆ«çš„æ¶ˆ
                                                  æ¯å‘é€æœºåˆ¶ã€‚
You may provide a definition with
\DeclareUnicodeCharacter 


! Package inputenc Error: Unicode character æ¯ (U+606F)
(inputenc)                not set up for use with LaTeX.

See the inputenc package documentation for explanation.
Type  H <return>  for immediate help.
 ...                                              
                                                  
l.16 ...è‡ªåŠ¨å†…å­˜ç®¡ç†å’Œå¯¹è±¡çº§åˆ«çš„æ¶ˆæ¯
                                                  å‘é€æœºåˆ¶ã€‚
You may provide a definition with
\DeclareUnicodeCharacter 


! Package inputenc Error: Unicode character å‘ (U+53D1)
(inputenc)                not set up for use with LaTeX.

See the inputenc package documentation for explanation.
Type  H <return>  for immediate help.
 ...                                              
                                                  
l.16 ...åŠ¨å†…å­˜ç®¡ç†å’Œå¯¹è±¡çº§åˆ«çš„æ¶ˆæ¯å‘
                                                  é€æœºåˆ¶ã€‚
You may provide a definition with
\DeclareUnicodeCharacter 


! Package inputenc Error: Unicode character é€ (U+9001)
(inputenc)                not set up for use with LaTeX.

See the inputenc package documentation for explanation.
Type  H <return>  for immediate help.
 ...                                              
                                                  
l.16 ...å†…å­˜ç®¡ç†å’Œå¯¹è±¡çº§åˆ«çš„æ¶ˆæ¯å‘é€
                                                  æœºåˆ¶ã€‚
You may provide a definition with
\DeclareUnicodeCharacter 


! Package inputenc Error: Unicode character æœº (U+673A)
(inputenc)                not set up for use with LaTeX.

See the inputenc package documentation for explanation.
Type  H <return>  for immediate help.
 ...                                              
                                                  
l.16 ...å­˜ç®¡ç†å’Œå¯¹è±¡çº§åˆ«çš„æ¶ˆæ¯å‘é€æœº
                                                  åˆ¶ã€‚
You may provide a definition with
\DeclareUnicodeCharacter 


! Package inputenc Error: Unicode character åˆ¶ (U+5236)
(inputenc)                not set up for use with LaTeX.

See the inputenc package documentation for explanation.
Type  H <return>  for immediate help.
 ...                                              
                                                  
l.16 ...ç®¡ç†å’Œå¯¹è±¡çº§åˆ«çš„æ¶ˆæ¯å‘é€æœºåˆ¶
                                                  ã€‚
You may provide a definition with
\DeclareUnicodeCharacter 


! Package inputenc Error: Unicode character ã€‚ (U+3002)
(inputenc)                not set up for use with LaTeX.

See the inputenc package documentation for explanation.
Type  H <return>  for immediate help.
 ...                                              
                                                  
l.16 ...ç†å’Œå¯¹è±¡çº§åˆ«çš„æ¶ˆæ¯å‘é€æœºåˆ¶ã€‚
                                                  
You may provide a definition with
\DeclareUnicodeCharacter 


! Package inputenc Error: Unicode character ç° (U+73B0)
(inputenc)                not set up for use with LaTeX.

See the inputenc package documentation for explanation.
Type  H <return>  for immediate help.
 ...                                              
                                                  
l.17 ç°
        ä»£C++è¯­è¨€å¯ä»¥çœ‹ä½œæ˜¯ä¸‰éƒ¨åˆ†ç»„æˆçš„ï¼š1.ä½çº§è¯­è¨€ï¼Œå¤§...

You may provide a definition with
\DeclareUnicodeCharacter 


! Package inputenc Error: Unicode character ä»£ (U+4EE3)
(inputenc)                not set up for use with LaTeX.

See the inputenc package documentation for explanation.
Type  H <return>  for immediate help.
 ...                                              
                                                  
l.17 ç°ä»£
           C++è¯­è¨€å¯ä»¥çœ‹ä½œæ˜¯ä¸‰éƒ¨åˆ†ç»„æˆçš„ï¼š1.ä½çº§è¯­è¨€ï¼Œå¤§...

You may provide a definition with
\DeclareUnicodeCharacter 

Missing character: There is no C in font nullfont!
Missing character: There is no + in font nullfont!
Missing character: There is no + in font nullfont!

! Package inputenc Error: Unicode character è¯­ (U+8BED)
(inputenc)                not set up for use with LaTeX.

See the inputenc package documentation for explanation.
Type  H <return>  for immediate help.
 ...                                              
                                                  
l.17 ç°ä»£C++è¯­
                 è¨€å¯ä»¥çœ‹ä½œæ˜¯ä¸‰éƒ¨åˆ†ç»„æˆçš„ï¼š1.ä½çº§è¯­è¨€ï¼Œå¤§...

You may provide a definition with
\DeclareUnicodeCharacter 


! Package inputenc Error: Unicode character è¨€ (U+8A00)
(inputenc)                not set up for use with LaTeX.

See the inputenc package documentation for explanation.
Type  H <return>  for immediate help.
 ...                                              
                                                  
l.17 ç°ä»£C++è¯­è¨€
                    å¯ä»¥çœ‹ä½œæ˜¯ä¸‰éƒ¨åˆ†ç»„æˆçš„ï¼š1.ä½çº§è¯­è¨€ï¼Œå¤§...

You may provide a definition with
\DeclareUnicodeCharacter 


! Package inputenc Error: Unicode character å¯ (U+53EF)
(inputenc)                not set up for use with LaTeX.

See the inputenc package documentation for explanation.
Type  H <return>  for immediate help.
 ...                                              
                                                  
l.17 ç°ä»£C++è¯­è¨€å¯
                       ä»¥çœ‹ä½œæ˜¯ä¸‰éƒ¨åˆ†ç»„æˆçš„ï¼š1.ä½çº§è¯­è¨€ï¼Œå¤§...

You may provide a definition with
\DeclareUnicodeCharacter 


! Package inputenc Error: Unicode character ä»¥ (U+4EE5)
(inputenc)                not set up for use with LaTeX.

See the inputenc package documentation for explanation.
Type  H <return>  for immediate help.
 ...                                              
                                                  
l.17 ç°ä»£C++è¯­è¨€å¯ä»¥
                          çœ‹ä½œæ˜¯ä¸‰éƒ¨åˆ†ç»„æˆçš„ï¼š1.ä½çº§è¯­è¨€ï¼Œå¤§...

You may provide a definition with
\DeclareUnicodeCharacter 


! Package inputenc Error: Unicode character çœ‹ (U+770B)
(inputenc)                not set up for use with LaTeX.

See the inputenc package documentation for explanation.
Type  H <return>  for immediate help.
 ...                                              
                                                  
l.17 ç°ä»£C++è¯­è¨€å¯ä»¥çœ‹
                             ä½œæ˜¯ä¸‰éƒ¨åˆ†ç»„æˆçš„ï¼š1.ä½çº§è¯­è¨€ï¼Œå¤§...

You may provide a definition with
\DeclareUnicodeCharacter 


! Package inputenc Error: Unicode character ä½œ (U+4F5C)
(inputenc)                not set up for use with LaTeX.

See the inputenc package documentation for explanation.
Type  H <return>  for immediate help.
 ...                                              
                                                  
l.17 ç°ä»£C++è¯­è¨€å¯ä»¥çœ‹ä½œ
                                æ˜¯ä¸‰éƒ¨åˆ†ç»„æˆçš„ï¼š1.ä½çº§è¯­è¨€ï¼Œå¤§...

You may provide a definition with
\DeclareUnicodeCharacter 


! Package inputenc Error: Unicode character æ˜¯ (U+662F)
(inputenc)                not set up for use with LaTeX.

See the inputenc package documentation for explanation.
Type  H <return>  for immediate help.
 ...                                              
                                                  
l.17 ç°ä»£C++è¯­è¨€å¯ä»¥çœ‹ä½œæ˜¯
                                   ä¸‰éƒ¨åˆ†ç»„æˆçš„ï¼š1.ä½çº§è¯­è¨€ï¼Œå¤§...

You may provide a definition with
\DeclareUnicodeCharacter 


! Package inputenc Error: Unicode character ä¸‰ (U+4E09)
(inputenc)                not set up for use with LaTeX.

See the inputenc package documentation for explanation.
Type  H <return>  for immediate help.
 ...                                              
                                                  
l.17 ç°ä»£C++è¯­è¨€å¯ä»¥çœ‹ä½œæ˜¯ä¸‰
                                      éƒ¨åˆ†ç»„æˆçš„ï¼š1.ä½çº§è¯­è¨€ï¼Œå¤§...

You may provide a definition with
\DeclareUnicodeCharacter 


! Package inputenc Error: Unicode character éƒ¨ (U+90E8)
(inputenc)                not set up for use with LaTeX.

See the inputenc package documentation for explanation.
Type  H <return>  for immediate help.
 ...                                              
                                                  
l.17 ç°ä»£C++è¯­è¨€å¯ä»¥çœ‹ä½œæ˜¯ä¸‰éƒ¨
                                         åˆ†ç»„æˆçš„ï¼š1.ä½çº§è¯­è¨€ï¼Œå¤§...

You may provide a definition with
\DeclareUnicodeCharacter 


! Package inputenc Error: Unicode character åˆ† (U+5206)
(inputenc)                not set up for use with LaTeX.

See the inputenc package documentation for explanation.
Type  H <return>  for immediate help.
 ...                                              
                                                  
l.17 ç°ä»£C++è¯­è¨€å¯ä»¥çœ‹ä½œæ˜¯ä¸‰éƒ¨åˆ†
                                            ç»„æˆçš„ï¼š1.ä½çº§è¯­è¨€ï¼Œå¤§...

You may provide a definition with
\DeclareUnicodeCharacter 


! Package inputenc Error: Unicode character ç»„ (U+7EC4)
(inputenc)                not set up for use with LaTeX.

See the inputenc package documentation for explanation.
Type  H <return>  for immediate help.
 ...                                              
                                                  
l.17 ç°ä»£C++è¯­è¨€å¯ä»¥çœ‹ä½œæ˜¯ä¸‰éƒ¨åˆ†ç»„
                                               æˆçš„ï¼š1.ä½çº§è¯­è¨€ï¼Œå¤§...

You may provide a definition with
\DeclareUnicodeCharacter 


! Package inputenc Error: Unicode character æˆ (U+6210)
(inputenc)                not set up for use with LaTeX.

See the inputenc package documentation for explanation.
Type  H <return>  for immediate help.
 ...                                              
                                                  
l.17 ç°ä»£C++è¯­è¨€å¯ä»¥çœ‹ä½œæ˜¯ä¸‰éƒ¨åˆ†ç»„æˆ
                                                  çš„ï¼š1.ä½çº§è¯­è¨€ï¼Œå¤§...

You may provide a definition with
\DeclareUnicodeCharacter 


! Package inputenc Error: Unicode character çš„ (U+7684)
(inputenc)                not set up for use with LaTeX.

See the inputenc package documentation for explanation.
Type  H <return>  for immediate help.
 ...                                              
                                                  
l.17 ...C++è¯­è¨€å¯ä»¥çœ‹ä½œæ˜¯ä¸‰éƒ¨åˆ†ç»„æˆçš„
                                                  ï¼š1.ä½çº§è¯­è¨€ï¼Œå¤§éƒ¨...

You may provide a definition with
\DeclareUnicodeCharacter 


! Package inputenc Error: Unicode character ï¼š (U+FF1A)
(inputenc)                not set up for use with LaTeX.

See the inputenc package documentation for explanation.
Type  H <return>  for immediate help.
 ...                                              
                                                  
l.17 ...è¯­è¨€å¯ä»¥çœ‹ä½œæ˜¯ä¸‰éƒ¨åˆ†ç»„æˆçš„ï¼š
                                                  1.ä½çº§è¯­è¨€ï¼Œå¤§éƒ¨åˆ†...

You may provide a definition with
\DeclareUnicodeCharacter 

Missing character: There is no 1 in font nullfont!
Missing character: There is no . in font nullfont!

! Package inputenc Error: Unicode character ä½ (U+4F4E)
(inputenc)                not set up for use with LaTeX.

See the inputenc package documentation for explanation.
Type  H <return>  for immediate help.
 ...                                              
                                                  
l.17 ...€å¯ä»¥çœ‹ä½œæ˜¯ä¸‰éƒ¨åˆ†ç»„æˆçš„ï¼š1.ä½
                                                  çº§è¯­è¨€ï¼Œå¤§éƒ¨åˆ†ç»§æ‰...

You may provide a definition with
\DeclareUnicodeCharacter 


! Package inputenc Error: Unicode character çº§ (U+7EA7)
(inputenc)                not set up for use with LaTeX.

See the inputenc package documentation for explanation.
Type  H <return>  for immediate help.
 ...                                              
                                                  
l.17 ...¯ä»¥çœ‹ä½œæ˜¯ä¸‰éƒ¨åˆ†ç»„æˆçš„ï¼š1.ä½çº§
                                                  è¯­è¨€ï¼Œå¤§éƒ¨åˆ†ç»§æ‰¿è‡...

You may provide a definition with
\DeclareUnicodeCharacter 


! Package inputenc Error: Unicode character è¯­ (U+8BED)
(inputenc)                not set up for use with LaTeX.

See the inputenc package documentation for explanation.
Type  H <return>  for immediate help.
 ...                                              
                                                  
l.17 ...¥çœ‹ä½œæ˜¯ä¸‰éƒ¨åˆ†ç»„æˆçš„ï¼š1.ä½çº§è¯­
                                                  è¨€ï¼Œå¤§éƒ¨åˆ†ç»§æ‰¿è‡ªCï...

You may provide a definition with
\DeclareUnicodeCharacter 


! Package inputenc Error: Unicode character è¨€ (U+8A00)
(inputenc)                not set up for use with LaTeX.

See the inputenc package documentation for explanation.
Type  H <return>  for immediate help.
 ...                                              
                                                  
l.17 ...‹ä½œæ˜¯ä¸‰éƒ¨åˆ†ç»„æˆçš„ï¼š1.ä½çº§è¯­è¨€
                                                  ï¼Œå¤§éƒ¨åˆ†ç»§æ‰¿è‡ªCï¼›2...
(That makes 100 errors; please try again.) 
Here is how much of TeX's memory you used:
 122 strings out of 480478
 1250 string characters out of 5892727
 239141 words of memory out of 5000000
 16246 multiletter control sequences out of 15000+600000
 532646 words of font info for 25 fonts, out of 8000000 for 9000
 1141 hyphenation exceptions out of 8191
 17i,2n,15p,288b,89s stack positions out of 5000i,500n,10000p,200000b,80000s

!  ==> Fatal error occurred, no output PDF file produced!
