This is pdfTeX, Version 3.14159265-2.6-1.40.21 (TeX Live 2020/W32TeX) (preloaded format=pdflatex 2020.6.10)  25 JAN 2021 14:51
entering extended mode
 restricted \write18 enabled.
 %&-line parsing enabled.
**introduction.tex
(./introduction.tex
LaTeX2e <2020-02-02> patch level 5
L3 programming layer <2020-06-03>
! Undefined control sequence.
l.1 \section
            {计算机网络概述}
The control sequence at the end of the top line
of your error message was never \def'ed. If you have
misspelled it (e.g., `\hobx'), type `I' and the correct
spelling (e.g., `I\hbox'). Otherwise just continue,
and I'll forget about whatever was undefined.


! Package inputenc Error: Unicode character 计 (U+8BA1)
(inputenc)                not set up for use with LaTeX.

See the inputenc package documentation for explanation.
Type  H <return>  for immediate help.
 ...                                              
                                                  
l.1 \section{计
                算机网络概述}
You may provide a definition with
\DeclareUnicodeCharacter 


! Package inputenc Error: Unicode character 算 (U+7B97)
(inputenc)                not set up for use with LaTeX.

See the inputenc package documentation for explanation.
Type  H <return>  for immediate help.
 ...                                              
                                                  
l.1 \section{计算
                   机网络概述}
You may provide a definition with
\DeclareUnicodeCharacter 


! Package inputenc Error: Unicode character 机 (U+673A)
(inputenc)                not set up for use with LaTeX.

See the inputenc package documentation for explanation.
Type  H <return>  for immediate help.
 ...                                              
                                                  
l.1 \section{计算机
                      网络概述}
You may provide a definition with
\DeclareUnicodeCharacter 


! Package inputenc Error: Unicode character 网 (U+7F51)
(inputenc)                not set up for use with LaTeX.

See the inputenc package documentation for explanation.
Type  H <return>  for immediate help.
 ...                                              
                                                  
l.1 \section{计算机网
                         络概述}
You may provide a definition with
\DeclareUnicodeCharacter 


! Package inputenc Error: Unicode character 络 (U+7EDC)
(inputenc)                not set up for use with LaTeX.

See the inputenc package documentation for explanation.
Type  H <return>  for immediate help.
 ...                                              
                                                  
l.1 \section{计算机网络
                            概述}
You may provide a definition with
\DeclareUnicodeCharacter 


! Package inputenc Error: Unicode character 概 (U+6982)
(inputenc)                not set up for use with LaTeX.

See the inputenc package documentation for explanation.
Type  H <return>  for immediate help.
 ...                                              
                                                  
l.1 \section{计算机网络概
                               述}
You may provide a definition with
\DeclareUnicodeCharacter 


! Package inputenc Error: Unicode character 述 (U+8FF0)
(inputenc)                not set up for use with LaTeX.

See the inputenc package documentation for explanation.
Type  H <return>  for immediate help.
 ...                                              
                                                  
l.1 \section{计算机网络概述
                                  }
You may provide a definition with
\DeclareUnicodeCharacter 

)
! Emergency stop.
<*> introduction.tex
                    
*** (job aborted, no legal \end found)

 
Here is how much of TeX's memory you used:
 23 strings out of 480478
 451 string characters out of 5892727
 239141 words of memory out of 5000000
 16149 multiletter control sequences out of 15000+600000
 532338 words of font info for 24 fonts, out of 8000000 for 9000
 1141 hyphenation exceptions out of 8191
 12i,0n,15p,79b,23s stack positions out of 5000i,500n,10000p,200000b,80000s
!  ==> Fatal error occurred, no output PDF file produced!
